build/app/outputs/mapping/release/mapping.txt
# compiler: R8
# compiler_version: 2.1.62
# min_api: 21
# pg_map_id: d7b7710
# common_typos_disable
...
androidx.customview.widget.ViewDragHelper$Callback -> e.h.b.b$c:
    int clampViewPositionHorizontal(android.view.View,int,int) -> a
    int clampViewPositionVertical(android.view.View,int,int) -> b
    int getOrderedChildIndex(int) -> c
    int getViewHorizontalDragRange(android.view.View) -> d
    int getViewVerticalDragRange(android.view.View) -> e
    void onEdgeDragStarted(int,int) -> f
    boolean onEdgeLock(int) -> g
    void onEdgeTouched(int,int) -> h
    void onViewCaptured(android.view.View,int) -> i
    void onViewDragStateChanged(int) -> j
    void onViewPositionChanged(android.view.View,int,int,int,int) -> k
    void onViewReleased(android.view.View,float,float) -> l
    boolean tryCaptureView(android.view.View,int) -> m
androidx.fragment.R$anim -> e.i.a:
    int fragment_open_exit -> f
    int fragment_fade_exit -> d
    int fragment_open_enter -> e
    int fragment_close_exit -> b
    int fragment_fade_enter -> c
    int fragment_close_enter -> a
androidx.fragment.R$id -> e.i.b:
    int visible_removing_fragment_view_tag -> b
    int fragment_container_view_tag -> a
androidx.fragment.R$styleable -> e.i.c:
    int[] FragmentContainerView -> e
    int FragmentContainerView_android_name -> f
    int FragmentContainerView_android_tag -> g
    int Fragment_android_tag -> d
    int[] Fragment -> a
    int Fragment_android_name -> b
    int Fragment_android_id -> c
androidx.fragment.app.BackStackRecord -> androidx.fragment.app.a:
    androidx.fragment.app.FragmentManager mManager -> r
    int mIndex -> t
    boolean mCommitted -> s
    boolean interactsWith(int) -> A
    boolean interactsWith(java.util.ArrayList,int,int) -> B
    boolean isFragmentPostponed(androidx.fragment.app.FragmentTransaction$Op) -> C
    boolean isPostponed() -> D
    void runOnCommitRunnables() -> E
    void setOnStartPostponedListener(androidx.fragment.app.Fragment$OnStartEnterTransitionListener) -> F
    androidx.fragment.app.Fragment trackAddedFragmentsInPop(java.util.ArrayList,androidx.fragment.app.Fragment) -> G
    boolean generateOps(java.util.ArrayList,java.util.ArrayList) -> a
    int commit() -> h
    int commitAllowingStateLoss() -> i
    void commitNowAllowingStateLoss() -> j
    void doAddOp(int,androidx.fragment.app.Fragment,java.lang.String,int) -> l
    androidx.fragment.app.FragmentTransaction remove(androidx.fragment.app.Fragment) -> m
    androidx.fragment.app.FragmentTransaction setPrimaryNavigationFragment(androidx.fragment.app.Fragment) -> q
    void bumpBackStackNesting(int) -> s
    int commitInternal(boolean) -> t
    void dump(java.lang.String,java.io.PrintWriter) -> u
    void dump(java.lang.String,java.io.PrintWriter,boolean) -> v
    void executeOps() -> w
    void executePopOps(boolean) -> x
    androidx.fragment.app.Fragment expandOps(java.util.ArrayList,androidx.fragment.app.Fragment) -> y
    java.lang.String getName() -> z
androidx.fragment.app.BackStackState -> androidx.fragment.app.b:
    int mBreadCrumbShortTitleRes -> o
    int mIndex -> l
    int mBreadCrumbTitleRes -> m
    int mTransition -> j
    java.lang.String mName -> k
    java.util.ArrayList mFragmentWhos -> g
    boolean mReorderingAllowed -> s
    int[] mOps -> f
    int[] mOldMaxLifecycleStates -> h
    java.lang.CharSequence mBreadCrumbTitleText -> n
    int[] mCurrentMaxLifecycleStates -> i
    java.lang.CharSequence mBreadCrumbShortTitleText -> p
    java.util.ArrayList mSharedElementTargetNames -> r
    java.util.ArrayList mSharedElementSourceNames -> q
    androidx.fragment.app.BackStackRecord instantiate(androidx.fragment.app.FragmentManager) -> a
androidx.fragment.app.BackStackState$1 -> androidx.fragment.app.b$a:
    androidx.fragment.app.BackStackState createFromParcel(android.os.Parcel) -> a
    androidx.fragment.app.BackStackState[] newArray(int) -> b