build/app/outputs/mapping/release/usage.txt
com.spoticharge.google_map_flutter.R$bool
com.spoticharge.google_map_flutter.R$menu
com.spoticharge.google_map_flutter.BuildConfig
com.spoticharge.google_map_flutter.R$styleable
com.spoticharge.google_map_flutter.R$id
com.spoticharge.google_map_flutter.R$dimen
com.spoticharge.google_map_flutter.R
com.spoticharge.google_map_flutter.R$integer
com.spoticharge.google_map_flutter.R$attr
com.spoticharge.google_map_flutter.R$animator
com.spoticharge.google_map_flutter.R$drawable
com.spoticharge.google_map_flutter.R$navigation
com.spoticharge.google_map_flutter.R$mipmap
com.spoticharge.google_map_flutter.R$color
com.spoticharge.google_map_flutter.R$interpolator
com.spoticharge.google_map_flutter.R$style
com.spoticharge.google_map_flutter.R$string
com.spoticharge.google_map_flutter.R$layout
com.spoticharge.google_map_flutter.R$anim
...
com.google.android.gms.common.api.internal.zad:
    public void zaa(com.google.android.gms.common.api.internal.zaab,boolean)
kotlinx.coroutines.flow.FlowKt__ReduceKt$last$$inlined$collect$1
kotlinx.coroutines.flow.internal.UndispatchedContextCollector
androidx.core.widget.ListViewCompat:
    public static boolean canScrollList(android.widget.ListView,int)
    private void <init>()
com.google.android.gms.common.FirstPartyScopes
androidx.transition.Styleable$TransitionSet
com.google.android.gms.common.api.internal.zau
androidx.core.view.ViewCompat$FocusRealDirection
androidx.core.app.JobIntentService$GenericWorkItem
com.google.android.gms.common.config.zza
com.google.android.gms.common.internal.GmsLogger
kotlinx.coroutines.channels.AbstractChannel$Itr:
    public static final synthetic java.lang.Object access$hasNextSuspend(kotlinx.coroutines.channels.AbstractChannel$Itr,kotlin.coroutines.Continuation)
    public synthetic java.lang.Object next(kotlin.coroutines.Continuation)
com.amplifyframework.datastore.DataStoreConflictHandler:
    public static com.amplifyframework.datastore.DataStoreConflictHandler alwaysRetryLocal()
com.google.android.gms.common.api.internal.ListenerHolders:
    public void <init>()
    public final com.google.android.gms.common.api.internal.ListenerHolder zaa(java.lang.Object,android.os.Looper,java.lang.String)
    public final void release()
    private final java.util.Set zajo
androidx.core.provider.SelfDestructiveThread$2$1
org.intellij.lang.annotations.JdkConstants$TitledBorderTitlePosition
com.google.android.gms.common.api.internal.BasePendingResult$CallbackHandler:
    public void <init>()
com.google.firebase.database.DatabaseReference$3
kotlinx.coroutines.flow.FlowKt__ReduceKt$last$1
kotlinx.coroutines.scheduling.WorkQueueKt
androidx.core.view.WindowInsetsControllerCompat$Impl26:
    public boolean isAppearanceLightNavigationBars()
com.google.android.gms.common.data.AbstractDataBuffer
com.google.android.gms.tasks.zza
androidx.navigation.dynamicfeatures.fragment.ui.AbstractProgressFragment$StateObserver
androidx.core.animation.AnimatorKt$addPauseListener$listener$1
androidx.navigation.fragment.R
com.google.android.gms.maps.model.StreetViewPanoramaCamera
androidx.appcompat.widget.AppCompatSeekBarHelper:
    android.graphics.drawable.Drawable getTickMark()
    void setTickMarkTintList(android.content.res.ColorStateList)
    android.content.res.ColorStateList getTickMarkTintList()
    void setTickMarkTintMode(android.graphics.PorterDuff$Mode)
    android.graphics.PorterDuff$Mode getTickMarkTintMode()
kotlin.ExceptionsKt__ExceptionsKt:
    private static final void printStackTrace(java.lang.Throwable)
    private static final void printStackTrace(java.lang.Throwable,java.io.PrintWriter)
    private static final void printStackTrace(java.lang.Throwable,java.io.PrintStream)
    public static final java.lang.StackTraceElement[] getStackTrace(java.lang.Throwable)
    public static synthetic void getStackTrace$annotations(java.lang.Throwable)
    public static final java.lang.String stackTraceToString(java.lang.Throwable)
    public static final java.util.List getSuppressedExceptions(java.lang.Throwable)
    public static synthetic void getSuppressedExceptions$annotations(java.lang.Throwable)
    public void <init>()